build/app/outputs/mapping/release/mapping.txt
# compiler: R8
# compiler_version: 1.5.69
# min_api: 16
# pg_map_id: b71eade
...
kotlin.ranges.IntProgression$Companion -> f.x.b$a:
    kotlin.ranges.IntProgression fromClosedRange(int,int,int) -> a
kotlin.ranges.IntProgressionIterator -> f.x.c:
    boolean hasNext -> e
    int next -> f
    int step -> g
    int finalElement -> d
    int nextInt() -> a
kotlin.ranges.IntRange -> f.x.d:
    kotlin.ranges.IntRange$Companion Companion -> i
    kotlin.ranges.IntRange EMPTY -> h
    java.lang.Integer getEndInclusive() -> d
    java.lang.Integer getStart() -> e
    kotlin.ranges.IntRange access$getEMPTY$cp() -> f
kotlin.ranges.IntRange$Companion -> f.x.d$a:
    kotlin.ranges.IntRange getEMPTY() -> a
kotlin.ranges.RangesKt -> f.x.e:
    int coerceAtLeast(int,int) -> a
    long coerceAtLeast(long,long) -> a
    int coerceIn(int,int,int) -> a
    int coerceAtMost(int,int) -> b
    long coerceAtMost(long,long) -> b
    kotlin.ranges.IntProgression downTo(int,int) -> c
    kotlin.ranges.IntRange until(int,int) -> d
kotlin.ranges.RangesKt__RangesKt -> f.x.f:
kotlin.ranges.RangesKt___RangesKt -> f.x.g:
    int coerceAtLeast(int,int) -> a
    long coerceAtLeast(long,long) -> a
    int coerceIn(int,int,int) -> a
    int coerceAtMost(int,int) -> b
    long coerceAtMost(long,long) -> b
    kotlin.ranges.IntProgression downTo(int,int) -> c
    kotlin.ranges.IntRange until(int,int) -> d
kotlin.reflect.KAnnotatedElement -> f.y.a:
kotlin.reflect.KCallable -> f.y.b:
kotlin.reflect.KClass -> f.y.c:
    java.lang.String getSimpleName() -> a
kotlin.reflect.KClassifier -> f.y.d:
kotlin.reflect.KDeclarationContainer -> f.y.e:
kotlin.reflect.KFunction -> f.y.f:
kotlin.reflect.KType -> f.y.g:
kotlin.reflect.KVisibility -> f.y.h:
    kotlin.reflect.KVisibility[] $VALUES -> d
kotlin.sequences.ConstrainedOnceSequence -> f.z.a:
    java.util.concurrent.atomic.AtomicReference sequenceRef -> a
kotlin.sequences.Sequence -> f.z.b:
kotlin.sequences.SequencesKt -> f.z.c:
    kotlin.sequences.Sequence asSequence(java.util.Iterator) -> a
    kotlin.sequences.Sequence map(kotlin.sequences.Sequence,kotlin.jvm.functions.Function1) -> a
    java.util.List toList(kotlin.sequences.Sequence) -> b
kotlin.sequences.SequencesKt__SequenceBuilderKt -> f.z.d:
kotlin.sequences.SequencesKt__SequencesJVMKt -> f.z.e:
kotlin.sequences.SequencesKt__SequencesKt -> f.z.f:
    kotlin.sequences.Sequence asSequence(java.util.Iterator) -> a
    kotlin.sequences.Sequence constrainOnce(kotlin.sequences.Sequence) -> a
kotlin.sequences.SequencesKt__SequencesKt$asSequence$$inlined$Sequence$1 -> f.z.f$a:
    java.util.Iterator $this_asSequence$inlined -> a
kotlin.sequences.SequencesKt___SequencesJvmKt -> f.z.g:
kotlin.sequences.SequencesKt___SequencesKt -> f.z.h:
    kotlin.sequences.Sequence map(kotlin.sequences.Sequence,kotlin.jvm.functions.Function1) -> a
    java.util.Collection toCollection(kotlin.sequences.Sequence,java.util.Collection) -> a
    java.util.List toList(kotlin.sequences.Sequence) -> b
    java.util.List toMutableList(kotlin.sequences.Sequence) -> c
kotlin.sequences.TransformingSequence -> f.z.i:
    kotlin.sequences.Sequence sequence -> a
    kotlin.jvm.functions.Function1 transformer -> b
    kotlin.sequences.Sequence access$getSequence$p(kotlin.sequences.TransformingSequence) -> a
    kotlin.jvm.functions.Function1 access$getTransformer$p(kotlin.sequences.TransformingSequence) -> b
kotlin.sequences.TransformingSequence$iterator$1 -> f.z.i$a:
    java.util.Iterator iterator -> d
    kotlin.sequences.TransformingSequence this$0 -> e
kotlin.text.CharsKt__CharJVMKt -> f.a0.a:
    int checkRadix(int) -> a
    int digitOf(char,int) -> a
    boolean isWhitespace(char) -> a
kotlin.text.CharsKt__CharKt -> f.a0.b:
    boolean equals(char,char,boolean) -> a